<?xml version="1.0" encoding="UTF-8" ?>
<testsuites>
  <testsuite errors="0" failures="0" hostname="DESKTOP-Q2UCI9G" id="0" name="InputTest" package="numbers" skipped="0" tests="4" time="0.166" timestamp="2019-03-22T00:07:40">
      <properties>
[...]
</properties>

      <testcase classname="numbers.InputTest" name="test_padding_long_underscore" time="0.014" />

      <testcase classname="numbers.InputTest" name="test_padding_bad_underscore" time="0.0" />

      <testcase classname="numbers.InputTest" name="test_padding_nominal" time="0.0" />

      <testcase classname="numbers.InputTest" name="test_padding_leading_underscore" time="0.0" />

      <system-out><![CDATA[]]></system-out>

      <system-err><![CDATA[]]></system-err>

  </testsuite>
</testsuites>
